<?xml version="1.0" encoding="UTF-8"?>
<testsuite xmlns:xsi="http://www.w3.org/2001/XMLSchema-instance" xsi:noNamespaceSchemaLocation="https://maven.apache.org/surefire/maven-surefire-plugin/xsd/surefire-test-report.xsd" name="com.matheus.AppTest" time="0.042" tests="4" errors="0" skipped="0" failures="0">
  <properties>
[...]
</properties>
  <testcase name="deveRetornarZeroParaIsento" classname="com.matheus.AppTest" time="0.005"/>
  <testcase name="deveRetornarZeroParaBaseNegativa" classname="com.matheus.AppTest" time="0"/>
  <testcase name="deveCalcularImpostoCorretamenteFaixa2" classname="com.matheus.AppTest" time="0.001"/>
  <testcase name="deveCalcularImpostoCorretamenteFaixa4" classname="com.matheus.AppTest" time="0"/>
</testsuite>